<?xml version="1.0" encoding="UTF-8"?>
<!-- Generated by org.testng.reporters.JUnitXMLReporter -->
<testsuite ignored="0" hostname="LAPTOP-OOJD2GM0" failures="2" tests="5" name="Test" time="36.866" errors="0" timestamp="2022-12-18T21:02:20 IST">
  <testcase classname="december.testfiles.RegistrationTest" name="getRegistration" time="10.021"/>
  <testcase classname="december.testfiles.OrderProductTest" name="getOrderProduct" time="8.256"/>
  <testcase classname="december.testfiles.OrderProductTest" name="getOrderProduct" time="11.96"/>
  <testcase classname="december.testfiles.LoginTest" name="getLogin" time="5.8">
    <failure type="java.lang.IllegalArgumentException" message="Keys to send should be a not null CharSequence">
      <![CDATA[java.lang.IllegalArgumentException: Keys to send should be a not null CharSequence
at org.openqa.selenium.remote.RemoteWebElement.sendKeys(RemoteWebElement.java:92)
at org.openqa.selenium.support.pagefactory.internal.LocatingElementHandler.invoke(LocatingElementHandler.java:52)
at jdk.proxy2/jdk.proxy2.$Proxy16.sendKeys(Unknown Source)
at pageObjects.LandingPage.LoginApplication(LandingPage.java:31)
at december.testfiles.LoginTest.getLogin(LoginTest.java:21)
at java.base/java.util.ArrayList.forEach(ArrayList.java:1511)
... Removed 30 stack frames]]>
    </failure>
  </testcase> <!-- getLogin -->
  <testcase classname="december.testfiles.LoginTest" name="getLogin" time="6.543">
    <failure type="java.lang.NullPointerException" message="Cannot invoke &amp;quot;org.openqa.selenium.TakesScreenshot.getScreenshotAs(org.openqa.selenium.OutputType)&amp;quot; because &amp;quot;ts&amp;quot; is null">
      <![CDATA[java.lang.NullPointerException: Cannot invoke "org.openqa.selenium.TakesScreenshot.getScreenshotAs(org.openqa.selenium.OutputType)" because "ts" is null
at december.testcomponents.DecBaseTest.getScreenshot(DecBaseTest.java:62)
at december.testcomponents.Listeners.onTestFailure(Listeners.java:36)
at java.base/java.util.ArrayList.forEach(ArrayList.java:1511)
... Removed 24 stack frames]]>
    </failure>
  </testcase> <!-- getLogin -->
</testsuite> <!-- Test -->
